-199781749
761522549
-407552024
1906987262
662982736
822637840
0
2082808436
1916686352
2093570856
1979597810
2058307080
2112538306
1995222304
2118688048
2050469913
2086491052
2016999232
2016148587
2081826412
2034296774
2102056000
1935682404
2125004819
2143315248
2133164832
1900692806
2143773934
2064580404
1864539570
1956022204
2085219609
2114521174
1982216462
2028115804
1801147011
2109615836
1868254484
1981748879
2098408036
2082429299
2084547440
2040985404
2099401388
2147249000
0
-1997879794
-1714693340
-2104846328
-2072965194
-1901109552
-2039926456
-2070055834
-2027139102
-2139547682
-2061480504
-1976304992
-1989350666
-1948616014
-1823216016
-2071524342
-2069783342
-2116585678
-2143999372
-1762310500
-1978536062
-2144622436
-2063544400
-2124596204
-2083023968
-2135250981
-2022887920
-2072433790
-2105631348
-1943080015
-2068236696
-1929775226
-1725852404
-1626018142
-2082281436
-1974593206
-2118468412
-2146734796
-2049237336
-2033398564
-2128679176
79200